android/app/build/intermediates/manifest_merge_blame_file/debug/manifest-merger-blame-debug-report.txt
1<?xml version="1.0" encoding="utf-8"?>
2<manifest xmlns:android="http://schemas.android.com/apk/res/android"
3    package="com.oceanview"
4    android:versionCode="1"
5    android:versionName="1.0" >
6
7    <uses-sdk
8        android:minSdkVersion="21"
9        android:targetSdkVersion="33" />
10
11    <uses-permission android:name="android.permission.SYSTEM_ALERT_WINDOW" />
11-->src/debug/AndroidManifest.xml:5:5-77
11-->src/debug/AndroidManifest.xml:5:22-75
12    <uses-permission android:name="android.permission.INTERNET" />
12-->src/main/AndroidManifest.xml:3:5-67
12-->src/main/AndroidManifest.xml:3:22-64
13    <uses-permission android:name="android.permission.ACCESS_WIFI_STATE" />
13-->[com.facebook.flipper:flipper:0.182.0] AndroidManifest.xml:16:5-76
13-->[com.facebook.flipper:flipper:0.182.0] AndroidManifest.xml:16:22-73
14    <uses-permission android:name="android.permission.ACCESS_NETWORK_STATE" />
14-->[:react-native-community_netinfo] AndroidManifest.xml:7:5-79
14-->[:react-native-community_netinfo] AndroidManifest.xml:7:22-76
15    <uses-permission android:name="android.permission.WRITE_EXTERNAL_STORAGE" />
15-->[:expo-file-system] AndroidManifest.xml:9:5-81
15-->[:expo-file-system] AndroidManifest.xml:9:22-78
16    <uses-permission android:name="android.permission.READ_EXTERNAL_STORAGE" />
16-->[:expo-file-system] AndroidManifest.xml:10:5-80
16-->[:expo-file-system] AndroidManifest.xml:10:22-77
17
18    <queries>
18-->[:expo-file-system] AndroidManifest.xml:12:5-18:15
19
20        <!-- Query open documents -->
21        <intent>
21-->[:expo-file-system] AndroidManifest.xml:15:9-17:18
22            <action android:name="android.intent.action.OPEN_DOCUMENT_TREE" />
22-->[:expo-file-system] AndroidManifest.xml:16:13-79
22-->[:expo-file-system] AndroidManifest.xml:16:21-76
23        </intent>
24        <!-- Needs to be explicitly declared on Android R+ -->
25        <package android:name="com.google.android.apps.maps" />
25-->[com.google.android.gms:play-services-maps:18.0.2] AndroidManifest.xml:33:9-64
25-->[com.google.android.gms:play-services-maps:18.0.2] AndroidManifest.xml:33:18-61
26    </queries>
27
28    <uses-permission android:name="android.permission.ACCESS_COARSE_LOCATION" />
28-->[:expo-location] AndroidManifest.xml:7:5-81
28-->[:expo-location] AndroidManifest.xml:7:22-78
29    <uses-permission android:name="android.permission.ACCESS_FINE_LOCATION" />
29-->[:expo-location] AndroidManifest.xml:8:5-79
29-->[:expo-location] AndroidManifest.xml:8:22-76
30    <uses-permission android:name="android.permission.FOREGROUND_SERVICE" />
30-->[:expo-location] AndroidManifest.xml:9:5-77
30-->[:expo-location] AndroidManifest.xml:9:22-74
31
32    <uses-feature
32-->[com.google.android.gms:play-services-maps:18.0.2] AndroidManifest.xml:26:5-28:35
33        android:glEsVersion="0x00020000"
33-->[com.google.android.gms:play-services-maps:18.0.2] AndroidManifest.xml:27:9-41
34        android:required="true" />
34-->[com.google.android.gms:play-services-maps:18.0.2] AndroidManifest.xml:28:9-32
35
36    <uses-permission android:name="android.permission.WAKE_LOCK" />
36-->[androidx.work:work-runtime:2.7.1] AndroidManifest.xml:25:5-68
36-->[androidx.work:work-runtime:2.7.1] AndroidManifest.xml:25:22-65
37    <uses-permission android:name="android.permission.RECEIVE_BOOT_COMPLETED" />
37-->[androidx.work:work-runtime:2.7.1] AndroidManifest.xml:27:5-81
37-->[androidx.work:work-runtime:2.7.1] AndroidManifest.xml:27:22-78
38    <uses-permission android:name="com.google.android.finsky.permission.BIND_GET_INSTALL_REFERRER_SERVICE" />
38-->[com.android.installreferrer:installreferrer:1.0] AndroidManifest.xml:9:5-110
38-->[com.android.installreferrer:installreferrer:1.0] AndroidManifest.xml:9:22-107
39    <uses-permission android:name="com.google.android.providers.gsf.permission.READ_GSERVICES" />
39-->[io.nlopez.smartlocation:library:3.3.3] AndroidManifest.xml:15:5-98
39-->[io.nlopez.smartlocation:library:3.3.3] AndroidManifest.xml:15:22-95
40    <uses-permission android:name="com.google.android.gms.permission.ACTIVITY_RECOGNITION" />
40-->[io.nlopez.smartlocation:library:3.3.3] AndroidManifest.xml:16:5-94
40-->[io.nlopez.smartlocation:library:3.3.3] AndroidManifest.xml:16:22-91
41
42    <application
42-->src/main/AndroidManifest.xml:5:5-27:19
43        android:name="com.oceanview.MainApplication"
43-->src/main/AndroidManifest.xml:6:7-38
44        android:allowBackup="false"
44-->src/main/AndroidManifest.xml:10:7-34
45        android:appComponentFactory="androidx.core.app.CoreComponentFactory"
45-->[androidx.core:core:1.8.0] AndroidManifest.xml:24:18-86
46        android:debuggable="true"
47        android:icon="@mipmap/ic_launcher"
47-->src/main/AndroidManifest.xml:8:7-41
48        android:label="@string/app_name"
48-->src/main/AndroidManifest.xml:7:7-39
49        android:roundIcon="@mipmap/ic_launcher_round"
49-->src/main/AndroidManifest.xml:9:7-52
50        android:theme="@style/AppTheme"
50-->src/main/AndroidManifest.xml:11:7-38
51        android:usesCleartextTraffic="true" >
51-->src/debug/AndroidManifest.xml:8:9-44
52        <activity
52-->src/debug/AndroidManifest.xml:11:9-111
53            android:name="com.facebook.react.devsupport.DevSettingsActivity"
53-->src/debug/AndroidManifest.xml:11:19-83
54            android:exported="false" />
54-->src/debug/AndroidManifest.xml:11:84-108
55
56        <meta-data
56-->src/main/AndroidManifest.xml:12:7-14:64
57            android:name="com.google.android.geo.API_KEY"
57-->src/main/AndroidManifest.xml:13:7-52
58            android:value="AIzaSyCoJXgSWYVf7TyiF3oPM3V1cTcUPb8B_5o" />
58-->src/main/AndroidManifest.xml:14:7-62
59
60        <activity
60-->src/main/AndroidManifest.xml:15:7-26:18
61            android:name="com.oceanview.MainActivity"
61-->src/main/AndroidManifest.xml:16:9-37
62            android:configChanges="keyboard|keyboardHidden|orientation|screenLayout|screenSize|smallestScreenSize|uiMode"
62-->src/main/AndroidManifest.xml:18:9-118
63            android:exported="true"
63-->src/main/AndroidManifest.xml:21:9-32
64            android:label="@string/app_name"
64-->src/main/AndroidManifest.xml:17:9-41
65            android:launchMode="singleTask"
65-->src/main/AndroidManifest.xml:19:9-40
66            android:windowSoftInputMode="adjustResize" >
66-->src/main/AndroidManifest.xml:20:9-51
67            <intent-filter>
67-->src/main/AndroidManifest.xml:22:9-25:25
68                <action android:name="android.intent.action.MAIN" />
68-->src/main/AndroidManifest.xml:23:13-65
68-->src/main/AndroidManifest.xml:23:21-62
69
70                <category android:name="android.intent.category.LAUNCHER" />
70-->src/main/AndroidManifest.xml:24:13-73
70-->src/main/AndroidManifest.xml:24:23-70
71            </intent-filter>
72        </activity>
73
74        <provider
74-->[:react-native-webview] AndroidManifest.xml:8:9-16:20
75            android:name="com.reactnativecommunity.webview.RNCWebViewFileProvider"
75-->[:react-native-webview] AndroidManifest.xml:9:13-83
76            android:authorities="com.oceanview.fileprovider"
76-->[:react-native-webview] AndroidManifest.xml:10:13-64
77            android:exported="false"
77-->[:react-native-webview] AndroidManifest.xml:11:13-37
78            android:grantUriPermissions="true" >
78-->[:react-native-webview] AndroidManifest.xml:12:13-47
79            <meta-data
79-->[:react-native-webview] AndroidManifest.xml:13:13-15:63
80                android:name="android.support.FILE_PROVIDER_PATHS"
80-->[:react-native-webview] AndroidManifest.xml:14:17-67
81                android:resource="@xml/file_provider_paths" />
81-->[:react-native-webview] AndroidManifest.xml:15:17-60
82        </provider>
83        <provider
83-->[:expo-file-system] AndroidManifest.xml:21:9-30:20
84            android:name="expo.modules.filesystem.FileSystemFileProvider"
84-->[:expo-file-system] AndroidManifest.xml:22:13-74
85            android:authorities="com.oceanview.FileSystemFileProvider"
85-->[:expo-file-system] AndroidManifest.xml:23:13-74
86            android:exported="false"
86-->[:expo-file-system] AndroidManifest.xml:24:13-37
87            android:grantUriPermissions="true" >
87-->[:expo-file-system] AndroidManifest.xml:25:13-47
88            <meta-data
88-->[:react-native-webview] AndroidManifest.xml:13:13-15:63
89                android:name="android.support.FILE_PROVIDER_PATHS"
89-->[:react-native-webview] AndroidManifest.xml:14:17-67
90                android:resource="@xml/file_system_provider_paths" />
90-->[:react-native-webview] AndroidManifest.xml:15:17-60
91        </provider>
92
93        <service
93-->[:expo-location] AndroidManifest.xml:12:9-15:56
94            android:name="expo.modules.location.services.LocationTaskService"
94-->[:expo-location] AndroidManifest.xml:13:13-78
95            android:exported="false"
95-->[:expo-location] AndroidManifest.xml:14:13-37
96            android:foregroundServiceType="location" />
96-->[:expo-location] AndroidManifest.xml:15:13-53
97
98        <meta-data
98-->[:expo-modules-core] AndroidManifest.xml:9:9-11:89
99            android:name="org.unimodules.core.AppLoader#react-native-headless"
99-->[:expo-modules-core] AndroidManifest.xml:10:13-79
100            android:value="expo.modules.adapters.react.apploader.RNHeadlessAppLoader" />
100-->[:expo-modules-core] AndroidManifest.xml:11:13-86
101        <meta-data
101-->[:expo-modules-core] AndroidManifest.xml:12:9-15:45
102            android:name="com.facebook.soloader.enabled"
102-->[:expo-modules-core] AndroidManifest.xml:13:13-57
103            android:value="true" /> <!-- Needs to be explicitly declared on P+ -->
103-->[:expo-modules-core] AndroidManifest.xml:14:13-33
104        <uses-library
104-->[com.google.android.gms:play-services-maps:18.0.2] AndroidManifest.xml:39:9-41:40
105            android:name="org.apache.http.legacy"
105-->[com.google.android.gms:play-services-maps:18.0.2] AndroidManifest.xml:40:13-50
106            android:required="false" />
106-->[com.google.android.gms:play-services-maps:18.0.2] AndroidManifest.xml:41:13-37
107
108        <activity
108-->[com.google.android.gms:play-services-base:18.1.0] AndroidManifest.xml:20:9-22:45
109            android:name="com.google.android.gms.common.api.GoogleApiActivity"
109-->[com.google.android.gms:play-services-base:18.1.0] AndroidManifest.xml:20:19-85
110            android:exported="false"
110-->[com.google.android.gms:play-services-base:18.1.0] AndroidManifest.xml:22:19-43
111            android:theme="@android:style/Theme.Translucent.NoTitleBar" />
111-->[com.google.android.gms:play-services-base:18.1.0] AndroidManifest.xml:21:19-78
112
113        <meta-data
113-->[com.google.android.gms:play-services-basement:18.1.0] AndroidManifest.xml:21:9-23:69
114            android:name="com.google.android.gms.version"
114-->[com.google.android.gms:play-services-basement:18.1.0] AndroidManifest.xml:22:13-58
115            android:value="@integer/google_play_services_version" />
115-->[com.google.android.gms:play-services-basement:18.1.0] AndroidManifest.xml:23:13-66
116
117        <provider
117-->[androidx.work:work-runtime:2.7.1] AndroidManifest.xml:31:9-39:20
118            android:name="androidx.startup.InitializationProvider"
118-->[androidx.work:work-runtime:2.7.1] AndroidManifest.xml:32:13-67
119            android:authorities="com.oceanview.androidx-startup"
119-->[androidx.work:work-runtime:2.7.1] AndroidManifest.xml:33:13-68
120            android:exported="false" >
120-->[androidx.work:work-runtime:2.7.1] AndroidManifest.xml:34:13-37
121            <meta-data
121-->[androidx.work:work-runtime:2.7.1] AndroidManifest.xml:36:13-38:52
122                android:name="androidx.work.WorkManagerInitializer"
122-->[androidx.work:work-runtime:2.7.1] AndroidManifest.xml:37:17-68
123                android:value="androidx.startup" />
123-->[androidx.work:work-runtime:2.7.1] AndroidManifest.xml:38:17-49
124            <meta-data
124-->[androidx.emoji2:emoji2:1.0.0] AndroidManifest.xml:31:13-33:52
125                android:name="androidx.emoji2.text.EmojiCompatInitializer"
125-->[androidx.emoji2:emoji2:1.0.0] AndroidManifest.xml:32:17-75
126                android:value="androidx.startup" />
126-->[androidx.emoji2:emoji2:1.0.0] AndroidManifest.xml:33:17-49
127            <meta-data
127-->[androidx.lifecycle:lifecycle-process:2.6.1] AndroidManifest.xml:29:13-31:52
128                android:name="androidx.lifecycle.ProcessLifecycleInitializer"
128-->[androidx.lifecycle:lifecycle-process:2.6.1] AndroidManifest.xml:30:17-78
129                android:value="androidx.startup" />
129-->[androidx.lifecycle:lifecycle-process:2.6.1] AndroidManifest.xml:31:17-49
130            <meta-data
130-->[androidx.profileinstaller:profileinstaller:1.3.0] AndroidManifest.xml:29:13-31:52
131                android:name="androidx.profileinstaller.ProfileInstallerInitializer"
131-->[androidx.profileinstaller:profileinstaller:1.3.0] AndroidManifest.xml:30:17-85
132                android:value="androidx.startup" />
132-->[androidx.profileinstaller:profileinstaller:1.3.0] AndroidManifest.xml:31:17-49
133        </provider>
134
135        <service
135-->[androidx.work:work-runtime:2.7.1] AndroidManifest.xml:41:9-46:35
136            android:name="androidx.work.impl.background.systemalarm.SystemAlarmService"
136-->[androidx.work:work-runtime:2.7.1] AndroidManifest.xml:42:13-88
137            android:directBootAware="false"
137-->[androidx.work:work-runtime:2.7.1] AndroidManifest.xml:43:13-44
138            android:enabled="@bool/enable_system_alarm_service_default"
138-->[androidx.work:work-runtime:2.7.1] AndroidManifest.xml:44:13-72
139            android:exported="false" />
139-->[androidx.work:work-runtime:2.7.1] AndroidManifest.xml:45:13-37
140        <service
140-->[androidx.work:work-runtime:2.7.1] AndroidManifest.xml:47:9-53:35
141            android:name="androidx.work.impl.background.systemjob.SystemJobService"
141-->[androidx.work:work-runtime:2.7.1] AndroidManifest.xml:48:13-84
142            android:directBootAware="false"
142-->[androidx.work:work-runtime:2.7.1] AndroidManifest.xml:49:13-44
143            android:enabled="@bool/enable_system_job_service_default"
143-->[androidx.work:work-runtime:2.7.1] AndroidManifest.xml:50:13-70
144            android:exported="true"
144-->[androidx.work:work-runtime:2.7.1] AndroidManifest.xml:51:13-36
145            android:permission="android.permission.BIND_JOB_SERVICE" />
145-->[androidx.work:work-runtime:2.7.1] AndroidManifest.xml:52:13-69
146        <service
146-->[androidx.work:work-runtime:2.7.1] AndroidManifest.xml:54:9-59:35
147            android:name="androidx.work.impl.foreground.SystemForegroundService"
147-->[androidx.work:work-runtime:2.7.1] AndroidManifest.xml:55:13-81
148            android:directBootAware="false"
148-->[androidx.work:work-runtime:2.7.1] AndroidManifest.xml:56:13-44
149            android:enabled="@bool/enable_system_foreground_service_default"
149-->[androidx.work:work-runtime:2.7.1] AndroidManifest.xml:57:13-77
150            android:exported="false" />
150-->[androidx.work:work-runtime:2.7.1] AndroidManifest.xml:58:13-37
151
152        <receiver
152-->[androidx.work:work-runtime:2.7.1] AndroidManifest.xml:61:9-66:35
153            android:name="androidx.work.impl.utils.ForceStopRunnable$BroadcastReceiver"
153-->[androidx.work:work-runtime:2.7.1] AndroidManifest.xml:62:13-88
154            android:directBootAware="false"
154-->[androidx.work:work-runtime:2.7.1] AndroidManifest.xml:63:13-44
155            android:enabled="true"
155-->[androidx.work:work-runtime:2.7.1] AndroidManifest.xml:64:13-35
156            android:exported="false" />
156-->[androidx.work:work-runtime:2.7.1] AndroidManifest.xml:65:13-37
157        <receiver
157-->[androidx.work:work-runtime:2.7.1] AndroidManifest.xml:67:9-77:20
158            android:name="androidx.work.impl.background.systemalarm.ConstraintProxy$BatteryChargingProxy"
158-->[androidx.work:work-runtime:2.7.1] AndroidManifest.xml:68:13-106
159            android:directBootAware="false"
159-->[androidx.work:work-runtime:2.7.1] AndroidManifest.xml:69:13-44
160            android:enabled="false"
160-->[androidx.work:work-runtime:2.7.1] AndroidManifest.xml:70:13-36
161            android:exported="false" >
161-->[androidx.work:work-runtime:2.7.1] AndroidManifest.xml:71:13-37
162            <intent-filter>
162-->[androidx.work:work-runtime:2.7.1] AndroidManifest.xml:73:13-76:29
163                <action android:name="android.intent.action.ACTION_POWER_CONNECTED" />
163-->[androidx.work:work-runtime:2.7.1] AndroidManifest.xml:74:17-87
163-->[androidx.work:work-runtime:2.7.1] AndroidManifest.xml:74:25-84
164                <action android:name="android.intent.action.ACTION_POWER_DISCONNECTED" />
164-->[androidx.work:work-runtime:2.7.1] AndroidManifest.xml:75:17-90
164-->[androidx.work:work-runtime:2.7.1] AndroidManifest.xml:75:25-87
165            </intent-filter>
166        </receiver>
167        <receiver
167-->[androidx.work:work-runtime:2.7.1] AndroidManifest.xml:78:9-88:20
168            android:name="androidx.work.impl.background.systemalarm.ConstraintProxy$BatteryNotLowProxy"
168-->[androidx.work:work-runtime:2.7.1] AndroidManifest.xml:79:13-104
169            android:directBootAware="false"
169-->[androidx.work:work-runtime:2.7.1] AndroidManifest.xml:80:13-44
170            android:enabled="false"
170-->[androidx.work:work-runtime:2.7.1] AndroidManifest.xml:81:13-36
171            android:exported="false" >
171-->[androidx.work:work-runtime:2.7.1] AndroidManifest.xml:82:13-37
172            <intent-filter>
172-->[androidx.work:work-runtime:2.7.1] AndroidManifest.xml:84:13-87:29
173                <action android:name="android.intent.action.BATTERY_OKAY" />
173-->[androidx.work:work-runtime:2.7.1] AndroidManifest.xml:85:17-77
173-->[androidx.work:work-runtime:2.7.1] AndroidManifest.xml:85:25-74
174                <action android:name="android.intent.action.BATTERY_LOW" />
174-->[androidx.work:work-runtime:2.7.1] AndroidManifest.xml:86:17-76
174-->[androidx.work:work-runtime:2.7.1] AndroidManifest.xml:86:25-73
175            </intent-filter>
176        </receiver>
177        <receiver
177-->[androidx.work:work-runtime:2.7.1] AndroidManifest.xml:89:9-99:20
178            android:name="androidx.work.impl.background.systemalarm.ConstraintProxy$StorageNotLowProxy"
178-->[androidx.work:work-runtime:2.7.1] AndroidManifest.xml:90:13-104
179            android:directBootAware="false"
179-->[androidx.work:work-runtime:2.7.1] AndroidManifest.xml:91:13-44
180            android:enabled="false"
180-->[androidx.work:work-runtime:2.7.1] AndroidManifest.xml:92:13-36
181            android:exported="false" >
181-->[androidx.work:work-runtime:2.7.1] AndroidManifest.xml:93:13-37
182            <intent-filter>
182-->[androidx.work:work-runtime:2.7.1] AndroidManifest.xml:95:13-98:29
183                <action android:name="android.intent.action.DEVICE_STORAGE_LOW" />
183-->[androidx.work:work-runtime:2.7.1] AndroidManifest.xml:96:17-83
183-->[androidx.work:work-runtime:2.7.1] AndroidManifest.xml:96:25-80
184                <action android:name="android.intent.action.DEVICE_STORAGE_OK" />
184-->[androidx.work:work-runtime:2.7.1] AndroidManifest.xml:97:17-82
184-->[androidx.work:work-runtime:2.7.1] AndroidManifest.xml:97:25-79
185            </intent-filter>
186        </receiver>
187        <receiver
187-->[androidx.work:work-runtime:2.7.1] AndroidManifest.xml:100:9-109:20
188            android:name="androidx.work.impl.background.systemalarm.ConstraintProxy$NetworkStateProxy"
188-->[androidx.work:work-runtime:2.7.1] AndroidManifest.xml:101:13-103
189            android:directBootAware="false"
189-->[androidx.work:work-runtime:2.7.1] AndroidManifest.xml:102:13-44
190            android:enabled="false"
190-->[androidx.work:work-runtime:2.7.1] AndroidManifest.xml:103:13-36
191            android:exported="false" >
191-->[androidx.work:work-runtime:2.7.1] AndroidManifest.xml:104:13-37
192            <intent-filter>
192-->[androidx.work:work-runtime:2.7.1] AndroidManifest.xml:106:13-108:29
193                <action android:name="android.net.conn.CONNECTIVITY_CHANGE" />
193-->[androidx.work:work-runtime:2.7.1] AndroidManifest.xml:107:17-79
193-->[androidx.work:work-runtime:2.7.1] AndroidManifest.xml:107:25-76
194            </intent-filter>
195        </receiver>
196        <receiver
196-->[androidx.work:work-runtime:2.7.1] AndroidManifest.xml:110:9-121:20
197            android:name="androidx.work.impl.background.systemalarm.RescheduleReceiver"
197-->[androidx.work:work-runtime:2.7.1] AndroidManifest.xml:111:13-88
198            android:directBootAware="false"
198-->[androidx.work:work-runtime:2.7.1] AndroidManifest.xml:112:13-44
199            android:enabled="false"
199-->[androidx.work:work-runtime:2.7.1] AndroidManifest.xml:113:13-36
200            android:exported="false" >
200-->[androidx.work:work-runtime:2.7.1] AndroidManifest.xml:114:13-37
201            <intent-filter>
201-->[androidx.work:work-runtime:2.7.1] AndroidManifest.xml:116:13-120:29
202                <action android:name="android.intent.action.BOOT_COMPLETED" />
202-->[androidx.work:work-runtime:2.7.1] AndroidManifest.xml:117:17-79
202-->[androidx.work:work-runtime:2.7.1] AndroidManifest.xml:117:25-76
203                <action android:name="android.intent.action.TIME_SET" />
203-->[androidx.work:work-runtime:2.7.1] AndroidManifest.xml:118:17-73
203-->[androidx.work:work-runtime:2.7.1] AndroidManifest.xml:118:25-70
204                <action android:name="android.intent.action.TIMEZONE_CHANGED" />
204-->[androidx.work:work-runtime:2.7.1] AndroidManifest.xml:119:17-81
204-->[androidx.work:work-runtime:2.7.1] AndroidManifest.xml:119:25-78
205            </intent-filter>
206        </receiver>
207        <receiver
207-->[androidx.work:work-runtime:2.7.1] AndroidManifest.xml:122:9-131:20
208            android:name="androidx.work.impl.background.systemalarm.ConstraintProxyUpdateReceiver"
208-->[androidx.work:work-runtime:2.7.1] AndroidManifest.xml:123:13-99
209            android:directBootAware="false"
209-->[androidx.work:work-runtime:2.7.1] AndroidManifest.xml:124:13-44
210            android:enabled="@bool/enable_system_alarm_service_default"
210-->[androidx.work:work-runtime:2.7.1] AndroidManifest.xml:125:13-72
211            android:exported="false" >
211-->[androidx.work:work-runtime:2.7.1] AndroidManifest.xml:126:13-37
212            <intent-filter>
212-->[androidx.work:work-runtime:2.7.1] AndroidManifest.xml:128:13-130:29
213                <action android:name="androidx.work.impl.background.systemalarm.UpdateProxies" />
213-->[androidx.work:work-runtime:2.7.1] AndroidManifest.xml:129:17-98
213-->[androidx.work:work-runtime:2.7.1] AndroidManifest.xml:129:25-95
214            </intent-filter>
215        </receiver>
216        <receiver
216-->[androidx.work:work-runtime:2.7.1] AndroidManifest.xml:132:9-142:20
217            android:name="androidx.work.impl.diagnostics.DiagnosticsReceiver"
217-->[androidx.work:work-runtime:2.7.1] AndroidManifest.xml:133:13-78
218            android:directBootAware="false"
218-->[androidx.work:work-runtime:2.7.1] AndroidManifest.xml:134:13-44
219            android:enabled="true"
219-->[androidx.work:work-runtime:2.7.1] AndroidManifest.xml:135:13-35
220            android:exported="true"
220-->[androidx.work:work-runtime:2.7.1] AndroidManifest.xml:136:13-36
221            android:permission="android.permission.DUMP" >
221-->[androidx.work:work-runtime:2.7.1] AndroidManifest.xml:137:13-57
222            <intent-filter>
222-->[androidx.work:work-runtime:2.7.1] AndroidManifest.xml:139:13-141:29
223                <action android:name="androidx.work.diagnostics.REQUEST_DIAGNOSTICS" />
223-->[androidx.work:work-runtime:2.7.1] AndroidManifest.xml:140:17-88
223-->[androidx.work:work-runtime:2.7.1] AndroidManifest.xml:140:25-85
224            </intent-filter>
225        </receiver>
226
227        <service
227-->[androidx.room:room-runtime:2.2.5] AndroidManifest.xml:25:9-28:40
228            android:name="androidx.room.MultiInstanceInvalidationService"
228-->[androidx.room:room-runtime:2.2.5] AndroidManifest.xml:26:13-74
229            android:directBootAware="true"
229-->[androidx.room:room-runtime:2.2.5] AndroidManifest.xml:27:13-43
230            android:exported="false" />
230-->[androidx.room:room-runtime:2.2.5] AndroidManifest.xml:28:13-37
231
232        <receiver
232-->[androidx.profileinstaller:profileinstaller:1.3.0] AndroidManifest.xml:34:9-52:20
233            android:name="androidx.profileinstaller.ProfileInstallReceiver"
233-->[androidx.profileinstaller:profileinstaller:1.3.0] AndroidManifest.xml:35:13-76
234            android:directBootAware="false"
234-->[androidx.profileinstaller:profileinstaller:1.3.0] AndroidManifest.xml:36:13-44
235            android:enabled="true"
235-->[androidx.profileinstaller:profileinstaller:1.3.0] AndroidManifest.xml:37:13-35
236            android:exported="true"
236-->[androidx.profileinstaller:profileinstaller:1.3.0] AndroidManifest.xml:38:13-36
237            android:permission="android.permission.DUMP" >
237-->[androidx.profileinstaller:profileinstaller:1.3.0] AndroidManifest.xml:39:13-57
238            <intent-filter>
238-->[androidx.profileinstaller:profileinstaller:1.3.0] AndroidManifest.xml:40:13-42:29
239                <action android:name="androidx.profileinstaller.action.INSTALL_PROFILE" />
239-->[androidx.profileinstaller:profileinstaller:1.3.0] AndroidManifest.xml:41:17-91
239-->[androidx.profileinstaller:profileinstaller:1.3.0] AndroidManifest.xml:41:25-88
240            </intent-filter>
241            <intent-filter>
241-->[androidx.profileinstaller:profileinstaller:1.3.0] AndroidManifest.xml:43:13-45:29
242                <action android:name="androidx.profileinstaller.action.SKIP_FILE" />
242-->[androidx.profileinstaller:profileinstaller:1.3.0] AndroidManifest.xml:44:17-85
242-->[androidx.profileinstaller:profileinstaller:1.3.0] AndroidManifest.xml:44:25-82
243            </intent-filter>
244            <intent-filter>
244-->[androidx.profileinstaller:profileinstaller:1.3.0] AndroidManifest.xml:46:13-48:29
245                <action android:name="androidx.profileinstaller.action.SAVE_PROFILE" />
245-->[androidx.profileinstaller:profileinstaller:1.3.0] AndroidManifest.xml:47:17-88
245-->[androidx.profileinstaller:profileinstaller:1.3.0] AndroidManifest.xml:47:25-85
246            </intent-filter>
247            <intent-filter>
247-->[androidx.profileinstaller:profileinstaller:1.3.0] AndroidManifest.xml:49:13-51:29
248                <action android:name="androidx.profileinstaller.action.BENCHMARK_OPERATION" />
248-->[androidx.profileinstaller:profileinstaller:1.3.0] AndroidManifest.xml:50:17-95
248-->[androidx.profileinstaller:profileinstaller:1.3.0] AndroidManifest.xml:50:25-92
249            </intent-filter>
250        </receiver>
251
252        <service
252-->[io.nlopez.smartlocation:library:3.3.3] AndroidManifest.xml:19:9-21:40
253            android:name="io.nlopez.smartlocation.activity.providers.ActivityGooglePlayServicesProvider$ActivityRecognitionService"
253-->[io.nlopez.smartlocation:library:3.3.3] AndroidManifest.xml:20:13-132
254            android:exported="false" />
254-->[io.nlopez.smartlocation:library:3.3.3] AndroidManifest.xml:21:13-37
255        <service
255-->[io.nlopez.smartlocation:library:3.3.3] AndroidManifest.xml:22:9-24:40
256            android:name="io.nlopez.smartlocation.geofencing.providers.GeofencingGooglePlayServicesProvider$GeofencingService"
256-->[io.nlopez.smartlocation:library:3.3.3] AndroidManifest.xml:23:13-127
257            android:exported="false" />
257-->[io.nlopez.smartlocation:library:3.3.3] AndroidManifest.xml:24:13-37
258        <service
258-->[io.nlopez.smartlocation:library:3.3.3] AndroidManifest.xml:25:9-27:40
259            android:name="io.nlopez.smartlocation.geocoding.providers.AndroidGeocodingProvider$AndroidGeocodingService"
259-->[io.nlopez.smartlocation:library:3.3.3] AndroidManifest.xml:26:13-120
260            android:exported="false" />
260-->[io.nlopez.smartlocation:library:3.3.3] AndroidManifest.xml:27:13-37
261    </application>
262
263</manifest>